<?xml version="1.0" encoding="UTF-8"?>
<!-- Generated by org.testng.reporters.JUnitReportReporter -->
<testsuite hostname="LAPTOP-A85LJTMK" failures="0" tests="1" name="companyp.tests.ErrorValidations" time="5.467" errors="0" timestamp="2024-10-22T17:50:00 CEST" skipped="0">
  <testcase classname="companyp.tests.ErrorValidations" name="submitOrder" time="5.467"/>
</testsuite> <!-- companyp.tests.ErrorValidations -->
