<?xml version="1.0" encoding="UTF-8"?>
<!-- Generated by org.testng.reporters.JUnitReportReporter -->
<testsuite hostname="LAPTOP-A85LJTMK" failures="0" tests="1" name="companyp.ExtentReports.ExtentReportDemo" time="12.426" errors="0" timestamp="2024-10-23T16:13:52 CEST" skipped="0">
  <testcase classname="companyp.ExtentReports.ExtentReportDemo" name="initialDemo" time="12.426"/>
</testsuite> <!-- companyp.ExtentReports.ExtentReportDemo -->
