<?xml version="1.0" encoding="UTF-8"?>
<!-- Generated by org.testng.reporters.JUnitReportReporter -->
<testsuite hostname="LAPTOP-A85LJTMK" failures="0" tests="1" name="cucumber.TestNGTestRunner" time="8.932" errors="0" timestamp="2024-10-26T18:36:38 CEST" skipped="0">
  <testcase classname="cucumber.TestNGTestRunner" name="runScenario" time="8.932"/>
</testsuite> <!-- cucumber.TestNGTestRunner -->
