<?xml version="1.0" encoding="UTF-8"?>
<!-- Generated by org.testng.reporters.JUnitReportReporter -->
<testsuite hostname="LAPTOP-A85LJTMK" failures="0" tests="3" name="companyp.tests.SubmitOrderTest" time="24.591" errors="0" timestamp="2024-10-27T11:19:14 CET" skipped="0">
  <testcase classname="companyp.tests.SubmitOrderTest" name="submitOrder" time="8.817"/>
  <testcase classname="companyp.tests.SubmitOrderTest" name="orderHistoryTest" time="4.229"/>
  <testcase classname="companyp.tests.SubmitOrderTest" name="submitOrder" time="11.545"/>
</testsuite> <!-- companyp.tests.SubmitOrderTest -->
